{"@timestamp":"2021-06-07T13:36:29.923+04:00","@version":"1","message":"Bean 'org.springframework.cloud.autoconfigure.ConfigurationPropertiesRebinderAutoConfiguration' of type [org.springframework.cloud.autoconfigure.ConfigurationPropertiesRebinderAutoConfiguration$$EnhancerBySpringCGLIB$$ccac35e0] is not eligible for getting processed by all BeanPostProcessors (for example: not eligible for auto-proxying)","logger_name":"org.springframework.context.support.PostProcessorRegistrationDelegate$BeanPostProcessorChecker","thread_name":"main","level":"INFO","level_value":20000}
{"@timestamp":"2021-06-07T13:36:36.128+04:00","@version":"1","message":"Fetching config from server at : http://localhost:8888","logger_name":"org.springframework.cloud.config.client.ConfigServicePropertySourceLocator","thread_name":"main","level":"INFO","level_value":20000}
{"@timestamp":"2021-06-07T13:36:38.192+04:00","@version":"1","message":"Located environment: name=eureka-service-registry, profiles=[default], label=null, version=e4a77a7f4847092169e2502c5118f62391d9d8c3, state=null","logger_name":"org.springframework.cloud.config.client.ConfigServicePropertySourceLocator","thread_name":"main","level":"INFO","level_value":20000}
{"@timestamp":"2021-06-07T13:36:38.192+04:00","@version":"1","message":"Located property source: CompositePropertySource {name='configService', propertySources=[MapPropertySource {name='configClient'}, MapPropertySource {name='https://github.com/ArtemBeltiukov/microservices-config.git/eureka-service-registry.yml'}, MapPropertySource {name='https://github.com/ArtemBeltiukov/microservices-config.git/application.yml'}]}","logger_name":"org.springframework.cloud.bootstrap.config.PropertySourceBootstrapConfiguration","thread_name":"main","level":"INFO","level_value":20000}
{"@timestamp":"2021-06-07T13:36:42.951+04:00","@version":"1","message":"No active profile set, falling back to default profiles: default","logger_name":"com.epam.hw.netflix.EurekaServerApplication","thread_name":"main","level":"INFO","level_value":20000}
{"@timestamp":"2021-06-07T13:36:44.106+04:00","@version":"1","message":"Endpoint ID 'service-registry' contains invalid characters, please migrate to a valid format.","logger_name":"org.springframework.boot.actuate.endpoint.EndpointId","thread_name":"main","level":"WARN","level_value":30000}
{"@timestamp":"2021-06-07T13:36:44.847+04:00","@version":"1","message":"BeanFactory id=d0e5a5d3-67c8-3f37-a10d-c22f5e8f0ead","logger_name":"org.springframework.cloud.context.scope.GenericScope","thread_name":"main","level":"INFO","level_value":20000}
{"@timestamp":"2021-06-07T13:36:45.251+04:00","@version":"1","message":"Bean 'org.springframework.cloud.autoconfigure.ConfigurationPropertiesRebinderAutoConfiguration' of type [org.springframework.cloud.autoconfigure.ConfigurationPropertiesRebinderAutoConfiguration$$EnhancerBySpringCGLIB$$ccac35e0] is not eligible for getting processed by all BeanPostProcessors (for example: not eligible for auto-proxying)","logger_name":"org.springframework.context.support.PostProcessorRegistrationDelegate$BeanPostProcessorChecker","thread_name":"main","level":"INFO","level_value":20000}
{"@timestamp":"2021-06-07T13:36:46.247+04:00","@version":"1","message":"Tomcat initialized with port(s): 8282 (http)","logger_name":"org.springframework.boot.web.embedded.tomcat.TomcatWebServer","thread_name":"main","level":"INFO","level_value":20000}
{"@timestamp":"2021-06-07T13:36:46.287+04:00","@version":"1","message":"Starting service [Tomcat]","logger_name":"org.apache.catalina.core.StandardService","thread_name":"main","level":"INFO","level_value":20000}
{"@timestamp":"2021-06-07T13:36:46.288+04:00","@version":"1","message":"Starting Servlet engine: [Apache Tomcat/9.0.17]","logger_name":"org.apache.catalina.core.StandardEngine","thread_name":"main","level":"INFO","level_value":20000}
{"@timestamp":"2021-06-07T13:36:46.588+04:00","@version":"1","message":"Initializing Spring embedded WebApplicationContext","logger_name":"org.apache.catalina.core.ContainerBase.[Tomcat].[localhost].[/]","thread_name":"main","level":"INFO","level_value":20000}
{"@timestamp":"2021-06-07T13:36:46.628+04:00","@version":"1","message":"Root WebApplicationContext: initialization completed in 3662 ms","logger_name":"org.springframework.web.context.ContextLoader","thread_name":"main","level":"INFO","level_value":20000}
{"@timestamp":"2021-06-07T13:36:46.979+04:00","@version":"1","message":"No URLs will be polled as dynamic configuration sources.","logger_name":"com.netflix.config.sources.URLConfigurationSource","thread_name":"main","level":"WARN","level_value":30000}
{"@timestamp":"2021-06-07T13:36:46.980+04:00","@version":"1","message":"To enable URLs as dynamic configuration sources, define System property archaius.configurationSource.additionalUrls or make config.properties available on classpath.","logger_name":"com.netflix.config.sources.URLConfigurationSource","thread_name":"main","level":"INFO","level_value":20000}
{"@timestamp":"2021-06-07T13:36:47.015+04:00","@version":"1","message":"DynamicPropertyFactory is initialized with configuration sources: com.netflix.config.ConcurrentCompositeConfiguration@7a682d35","logger_name":"com.netflix.config.DynamicPropertyFactory","thread_name":"main","level":"INFO","level_value":20000}
{"@timestamp":"2021-06-07T13:36:50.199+04:00","@version":"1","message":"Cannot determine local hostname","logger_name":"org.springframework.cloud.commons.util.InetUtils","thread_name":"main","level":"INFO","level_value":20000}
{"@timestamp":"2021-06-07T13:36:50.994+04:00","@version":"1","message":"Initiating Jersey application, version 'Jersey: 1.19.1 03/11/2016 02:08 PM'","logger_name":"com.sun.jersey.server.impl.application.WebApplicationImpl","thread_name":"main","level":"INFO","level_value":20000}
{"@timestamp":"2021-06-07T13:36:51.095+04:00","@version":"1","message":"Using JSON encoding codec LegacyJacksonJson","logger_name":"com.netflix.discovery.provider.DiscoveryJerseyProvider","thread_name":"main","level":"INFO","level_value":20000}
{"@timestamp":"2021-06-07T13:36:51.098+04:00","@version":"1","message":"Using JSON decoding codec LegacyJacksonJson","logger_name":"com.netflix.discovery.provider.DiscoveryJerseyProvider","thread_name":"main","level":"INFO","level_value":20000}
{"@timestamp":"2021-06-07T13:36:51.291+04:00","@version":"1","message":"Using XML encoding codec XStreamXml","logger_name":"com.netflix.discovery.provider.DiscoveryJerseyProvider","thread_name":"main","level":"INFO","level_value":20000}
{"@timestamp":"2021-06-07T13:36:51.291+04:00","@version":"1","message":"Using XML decoding codec XStreamXml","logger_name":"com.netflix.discovery.provider.DiscoveryJerseyProvider","thread_name":"main","level":"INFO","level_value":20000}
{"@timestamp":"2021-06-07T13:36:51.919+04:00","@version":"1","message":"No URLs will be polled as dynamic configuration sources.","logger_name":"com.netflix.config.sources.URLConfigurationSource","thread_name":"main","level":"WARN","level_value":30000}
{"@timestamp":"2021-06-07T13:36:51.920+04:00","@version":"1","message":"To enable URLs as dynamic configuration sources, define System property archaius.configurationSource.additionalUrls or make config.properties available on classpath.","logger_name":"com.netflix.config.sources.URLConfigurationSource","thread_name":"main","level":"INFO","level_value":20000}
{"@timestamp":"2021-06-07T13:36:52.531+04:00","@version":"1","message":"Initializing ExecutorService 'applicationTaskExecutor'","logger_name":"org.springframework.scheduling.concurrent.ThreadPoolTaskExecutor","thread_name":"main","level":"INFO","level_value":20000}
{"@timestamp":"2021-06-07T13:36:55.035+04:00","@version":"1","message":"Cannot determine local hostname","logger_name":"org.springframework.cloud.commons.util.InetUtils","thread_name":"main","level":"INFO","level_value":20000}
{"@timestamp":"2021-06-07T13:36:55.325+04:00","@version":"1","message":"Setting initial instance status as: STARTING","logger_name":"org.springframework.cloud.netflix.eureka.InstanceInfoFactory","thread_name":"main","level":"INFO","level_value":20000}
{"@timestamp":"2021-06-07T13:36:55.378+04:00","@version":"1","message":"Initializing Eureka in region us-east-1","logger_name":"com.netflix.discovery.DiscoveryClient","thread_name":"main","level":"INFO","level_value":20000}
{"@timestamp":"2021-06-07T13:36:55.378+04:00","@version":"1","message":"Client configured to neither register nor query for data.","logger_name":"com.netflix.discovery.DiscoveryClient","thread_name":"main","level":"INFO","level_value":20000}
{"@timestamp":"2021-06-07T13:36:55.397+04:00","@version":"1","message":"Discovery Client initialized at timestamp 1623058615394 with initial instances count: 0","logger_name":"com.netflix.discovery.DiscoveryClient","thread_name":"main","level":"INFO","level_value":20000}
{"@timestamp":"2021-06-07T13:36:55.473+04:00","@version":"1","message":"Initializing ...","logger_name":"com.netflix.eureka.DefaultEurekaServerContext","thread_name":"main","level":"INFO","level_value":20000}
{"@timestamp":"2021-06-07T13:36:55.477+04:00","@version":"1","message":"The replica size seems to be empty. Check the route 53 DNS Registry","logger_name":"com.netflix.eureka.cluster.PeerEurekaNodes","thread_name":"main","level":"WARN","level_value":30000}
{"@timestamp":"2021-06-07T13:36:55.670+04:00","@version":"1","message":"Finished initializing remote region registries. All known remote regions: []","logger_name":"com.netflix.eureka.registry.AbstractInstanceRegistry","thread_name":"main","level":"INFO","level_value":20000}
{"@timestamp":"2021-06-07T13:36:55.672+04:00","@version":"1","message":"Initialized","logger_name":"com.netflix.eureka.DefaultEurekaServerContext","thread_name":"main","level":"INFO","level_value":20000}
{"@timestamp":"2021-06-07T13:36:55.810+04:00","@version":"1","message":"Exposing 2 endpoint(s) beneath base path '/actuator'","logger_name":"org.springframework.boot.actuate.endpoint.web.EndpointLinksResolver","thread_name":"main","level":"INFO","level_value":20000}
{"@timestamp":"2021-06-07T13:36:55.951+04:00","@version":"1","message":"Registering application EUREKA-SERVICE-REGISTRY with eureka with status UP","logger_name":"org.springframework.cloud.netflix.eureka.serviceregistry.EurekaServiceRegistry","thread_name":"main","level":"INFO","level_value":20000}
{"@timestamp":"2021-06-07T13:36:55.957+04:00","@version":"1","message":"Setting the eureka configuration..","logger_name":"org.springframework.cloud.netflix.eureka.server.EurekaServerBootstrap","thread_name":"Thread-11","level":"INFO","level_value":20000}
{"@timestamp":"2021-06-07T13:36:55.959+04:00","@version":"1","message":"Eureka data center value eureka.datacenter is not set, defaulting to default","logger_name":"org.springframework.cloud.netflix.eureka.server.EurekaServerBootstrap","thread_name":"Thread-11","level":"INFO","level_value":20000}
{"@timestamp":"2021-06-07T13:36:55.960+04:00","@version":"1","message":"Eureka environment value eureka.environment is not set, defaulting to test","logger_name":"org.springframework.cloud.netflix.eureka.server.EurekaServerBootstrap","thread_name":"Thread-11","level":"INFO","level_value":20000}
{"@timestamp":"2021-06-07T13:36:55.982+04:00","@version":"1","message":"isAws returned false","logger_name":"org.springframework.cloud.netflix.eureka.server.EurekaServerBootstrap","thread_name":"Thread-11","level":"INFO","level_value":20000}
{"@timestamp":"2021-06-07T13:36:55.983+04:00","@version":"1","message":"Initialized server context","logger_name":"org.springframework.cloud.netflix.eureka.server.EurekaServerBootstrap","thread_name":"Thread-11","level":"INFO","level_value":20000}
{"@timestamp":"2021-06-07T13:36:55.984+04:00","@version":"1","message":"Got 1 instances from neighboring DS node","logger_name":"com.netflix.eureka.registry.PeerAwareInstanceRegistryImpl","thread_name":"Thread-11","level":"INFO","level_value":20000}
{"@timestamp":"2021-06-07T13:36:55.984+04:00","@version":"1","message":"Renew threshold is: 1","logger_name":"com.netflix.eureka.registry.PeerAwareInstanceRegistryImpl","thread_name":"Thread-11","level":"INFO","level_value":20000}
{"@timestamp":"2021-06-07T13:36:55.985+04:00","@version":"1","message":"Changing status to UP","logger_name":"com.netflix.eureka.registry.PeerAwareInstanceRegistryImpl","thread_name":"Thread-11","level":"INFO","level_value":20000}
{"@timestamp":"2021-06-07T13:36:55.999+04:00","@version":"1","message":"Started Eureka Server","logger_name":"org.springframework.cloud.netflix.eureka.server.EurekaServerInitializerConfiguration","thread_name":"Thread-11","level":"INFO","level_value":20000}
{"@timestamp":"2021-06-07T13:36:56.027+04:00","@version":"1","message":"Tomcat started on port(s): 8282 (http) with context path ''","logger_name":"org.springframework.boot.web.embedded.tomcat.TomcatWebServer","thread_name":"main","level":"INFO","level_value":20000}
{"@timestamp":"2021-06-07T13:36:56.029+04:00","@version":"1","message":"Updating port to 8282","logger_name":"org.springframework.cloud.netflix.eureka.serviceregistry.EurekaAutoServiceRegistration","thread_name":"main","level":"INFO","level_value":20000}
{"@timestamp":"2021-06-07T13:36:56.032+04:00","@version":"1","message":"Started EurekaServerApplication in 37.478 seconds (JVM running for 38.198)","logger_name":"com.epam.hw.netflix.EurekaServerApplication","thread_name":"main","level":"INFO","level_value":20000}
{"@timestamp":"2021-06-07T13:37:55.999+04:00","@version":"1","message":"Running the evict task with compensationTime 0ms","logger_name":"com.netflix.eureka.registry.AbstractInstanceRegistry","thread_name":"Eureka-EvictionTimer","level":"INFO","level_value":20000}
{"@timestamp":"2021-06-07T13:38:56.012+04:00","@version":"1","message":"Running the evict task with compensationTime 13ms","logger_name":"com.netflix.eureka.registry.AbstractInstanceRegistry","thread_name":"Eureka-EvictionTimer","level":"INFO","level_value":20000}
{"@timestamp":"2021-06-07T13:39:56.027+04:00","@version":"1","message":"Running the evict task with compensationTime 14ms","logger_name":"com.netflix.eureka.registry.AbstractInstanceRegistry","thread_name":"Eureka-EvictionTimer","level":"INFO","level_value":20000}
{"@timestamp":"2021-06-07T13:40:56.030+04:00","@version":"1","message":"Running the evict task with compensationTime 2ms","logger_name":"com.netflix.eureka.registry.AbstractInstanceRegistry","thread_name":"Eureka-EvictionTimer","level":"INFO","level_value":20000}
{"@timestamp":"2021-06-07T13:41:56.034+04:00","@version":"1","message":"Running the evict task with compensationTime 4ms","logger_name":"com.netflix.eureka.registry.AbstractInstanceRegistry","thread_name":"Eureka-EvictionTimer","level":"INFO","level_value":20000}
{"@timestamp":"2021-06-07T13:42:56.048+04:00","@version":"1","message":"Running the evict task with compensationTime 13ms","logger_name":"com.netflix.eureka.registry.AbstractInstanceRegistry","thread_name":"Eureka-EvictionTimer","level":"INFO","level_value":20000}
{"@timestamp":"2021-06-07T13:43:56.058+04:00","@version":"1","message":"Running the evict task with compensationTime 10ms","logger_name":"com.netflix.eureka.registry.AbstractInstanceRegistry","thread_name":"Eureka-EvictionTimer","level":"INFO","level_value":20000}
{"@timestamp":"2021-06-07T13:44:56.070+04:00","@version":"1","message":"Running the evict task with compensationTime 12ms","logger_name":"com.netflix.eureka.registry.AbstractInstanceRegistry","thread_name":"Eureka-EvictionTimer","level":"INFO","level_value":20000}
{"@timestamp":"2021-06-07T13:45:56.071+04:00","@version":"1","message":"Running the evict task with compensationTime 0ms","logger_name":"com.netflix.eureka.registry.AbstractInstanceRegistry","thread_name":"Eureka-EvictionTimer","level":"INFO","level_value":20000}
{"@timestamp":"2021-06-07T13:46:55.600+04:00","@version":"1","message":"The replica size seems to be empty. Check the route 53 DNS Registry","logger_name":"com.netflix.eureka.cluster.PeerEurekaNodes","thread_name":"Eureka-PeerNodesUpdater","level":"WARN","level_value":30000}
{"@timestamp":"2021-06-07T13:46:56.075+04:00","@version":"1","message":"Running the evict task with compensationTime 4ms","logger_name":"com.netflix.eureka.registry.AbstractInstanceRegistry","thread_name":"Eureka-EvictionTimer","level":"INFO","level_value":20000}
{"@timestamp":"2021-06-07T13:47:56.090+04:00","@version":"1","message":"Running the evict task with compensationTime 15ms","logger_name":"com.netflix.eureka.registry.AbstractInstanceRegistry","thread_name":"Eureka-EvictionTimer","level":"INFO","level_value":20000}
{"@timestamp":"2021-06-07T13:48:56.103+04:00","@version":"1","message":"Running the evict task with compensationTime 12ms","logger_name":"com.netflix.eureka.registry.AbstractInstanceRegistry","thread_name":"Eureka-EvictionTimer","level":"INFO","level_value":20000}
{"@timestamp":"2021-06-07T13:49:56.103+04:00","@version":"1","message":"Running the evict task with compensationTime 0ms","logger_name":"com.netflix.eureka.registry.AbstractInstanceRegistry","thread_name":"Eureka-EvictionTimer","level":"INFO","level_value":20000}
{"@timestamp":"2021-06-07T13:50:56.110+04:00","@version":"1","message":"Running the evict task with compensationTime 6ms","logger_name":"com.netflix.eureka.registry.AbstractInstanceRegistry","thread_name":"Eureka-EvictionTimer","level":"INFO","level_value":20000}
{"@timestamp":"2021-06-07T13:51:55.730+04:00","@version":"1","message":"Current renewal threshold is : 1","logger_name":"com.netflix.eureka.registry.PeerAwareInstanceRegistryImpl","thread_name":"ReplicaAwareInstanceRegistry - RenewalThresholdUpdater","level":"INFO","level_value":20000}
{"@timestamp":"2021-06-07T13:51:56.110+04:00","@version":"1","message":"Running the evict task with compensationTime 0ms","logger_name":"com.netflix.eureka.registry.AbstractInstanceRegistry","thread_name":"Eureka-EvictionTimer","level":"INFO","level_value":20000}
{"@timestamp":"2021-06-07T13:52:56.117+04:00","@version":"1","message":"Running the evict task with compensationTime 6ms","logger_name":"com.netflix.eureka.registry.AbstractInstanceRegistry","thread_name":"Eureka-EvictionTimer","level":"INFO","level_value":20000}
{"@timestamp":"2021-06-07T13:53:56.123+04:00","@version":"1","message":"Running the evict task with compensationTime 6ms","logger_name":"com.netflix.eureka.registry.AbstractInstanceRegistry","thread_name":"Eureka-EvictionTimer","level":"INFO","level_value":20000}
{"@timestamp":"2021-06-07T13:54:56.136+04:00","@version":"1","message":"Running the evict task with compensationTime 6ms","logger_name":"com.netflix.eureka.registry.AbstractInstanceRegistry","thread_name":"Eureka-EvictionTimer","level":"INFO","level_value":20000}
